This file contains any messages produced by compilers while
running configure, to aid debugging if configure makes a mistake.

It was created by agent2d configure 3.0.0, which was
generated by GNU Autoconf 2.65.  Invocation command line was

  $ ./configure 

## --------- ##
## Platform. ##
## --------- ##

hostname = saman-laptop
uname -m = i686
uname -r = 2.6.32-21-generic-pae
uname -s = Linux
uname -v = #32-Ubuntu SMP Fri Apr 16 09:39:35 UTC 2010

/usr/bin/uname -p = unknown
/bin/uname -X     = unknown

/bin/arch              = unknown
/usr/bin/arch -k       = unknown
/usr/convex/getsysinfo = unknown
/usr/bin/hostinfo      = unknown
/bin/machine           = unknown
/usr/bin/oslevel       = unknown
/bin/universe          = unknown

PATH: /usr/local/sbin
PATH: /usr/local/bin
PATH: /usr/sbin
PATH: /usr/bin
PATH: /sbin
PATH: /bin
PATH: /usr/games


## ----------- ##
## Core tests. ##
## ----------- ##

configure:2279: checking for a BSD-compatible install
configure:2347: result: /usr/bin/install -c
configure:2358: checking whether build environment is sane
configure:2408: result: yes
configure:2549: checking for a thread-safe mkdir -p
configure:2588: result: /bin/mkdir -p
configure:2601: checking for gawk
configure:2617: found /usr/bin/gawk
configure:2628: result: gawk
configure:2639: checking whether make sets $(MAKE)
configure:2661: result: yes
configure:2809: checking for g++
configure:2825: found /usr/bin/g++
configure:2836: result: g++
configure:2863: checking for C++ compiler version
configure:2872: g++ --version >&5
g++ (Ubuntu 4.4.3-4ubuntu5) 4.4.3
Copyright (C) 2009 Free Software Foundation, Inc.
This is free software; see the source for copying conditions.  There is NO
warranty; not even for MERCHANTABILITY or FITNESS FOR A PARTICULAR PURPOSE.

configure:2883: $? = 0
configure:2872: g++ -v >&5
Using built-in specs.
Target: i486-linux-gnu
Configured with: ../src/configure -v --with-pkgversion='Ubuntu 4.4.3-4ubuntu5' --with-bugurl=file:///usr/share/doc/gcc-4.4/README.Bugs --enable-languages=c,c++,fortran,objc,obj-c++ --prefix=/usr --enable-shared --enable-multiarch --enable-linker-build-id --with-system-zlib --libexecdir=/usr/lib --without-included-gettext --enable-threads=posix --with-gxx-include-dir=/usr/include/c++/4.4 --program-suffix=-4.4 --enable-nls --enable-clocale=gnu --enable-libstdcxx-debug --enable-plugin --enable-objc-gc --enable-targets=all --disable-werror --with-arch-32=i486 --with-tune=generic --enable-checking=release --build=i486-linux-gnu --host=i486-linux-gnu --target=i486-linux-gnu
Thread model: posix
gcc version 4.4.3 (Ubuntu 4.4.3-4ubuntu5) 
configure:2883: $? = 0
configure:2872: g++ -V >&5
g++: '-V' option must have argument
configure:2883: $? = 1
configure:2872: g++ -qversion >&5
g++: unrecognized option '-qversion'
g++: no input files
configure:2883: $? = 1
configure:2903: checking whether the C++ compiler works
configure:2925: g++    conftest.cpp  >&5
configure:2929: $? = 0
configure:2978: result: yes
configure:2981: checking for C++ compiler default output file name
configure:2983: result: a.out
configure:2989: checking for suffix of executables
configure:2996: g++ -o conftest    conftest.cpp  >&5
configure:3000: $? = 0
configure:3022: result: 
configure:3044: checking whether we are cross compiling
configure:3052: g++ -o conftest    conftest.cpp  >&5
configure:3056: $? = 0
configure:3063: ./conftest
configure:3067: $? = 0
configure:3082: result: no
configure:3087: checking for suffix of object files
configure:3109: g++ -c   conftest.cpp >&5
configure:3113: $? = 0
configure:3134: result: o
configure:3138: checking whether we are using the GNU C++ compiler
configure:3157: g++ -c   conftest.cpp >&5
configure:3157: $? = 0
configure:3166: result: yes
configure:3175: checking whether g++ accepts -g
configure:3195: g++ -c -g  conftest.cpp >&5
configure:3195: $? = 0
configure:3236: result: yes
configure:3270: checking for style of include used by make
configure:3298: result: GNU
configure:3323: checking dependency style of g++
configure:3433: result: gcc3
configure:3496: checking for gcc
configure:3512: found /usr/bin/gcc
configure:3523: result: gcc
configure:3752: checking for C compiler version
configure:3761: gcc --version >&5
gcc (Ubuntu 4.4.3-4ubuntu5) 4.4.3
Copyright (C) 2009 Free Software Foundation, Inc.
This is free software; see the source for copying conditions.  There is NO
warranty; not even for MERCHANTABILITY or FITNESS FOR A PARTICULAR PURPOSE.

configure:3772: $? = 0
configure:3761: gcc -v >&5
Using built-in specs.
Target: i486-linux-gnu
Configured with: ../src/configure -v --with-pkgversion='Ubuntu 4.4.3-4ubuntu5' --with-bugurl=file:///usr/share/doc/gcc-4.4/README.Bugs --enable-languages=c,c++,fortran,objc,obj-c++ --prefix=/usr --enable-shared --enable-multiarch --enable-linker-build-id --with-system-zlib --libexecdir=/usr/lib --without-included-gettext --enable-threads=posix --with-gxx-include-dir=/usr/include/c++/4.4 --program-suffix=-4.4 --enable-nls --enable-clocale=gnu --enable-libstdcxx-debug --enable-plugin --enable-objc-gc --enable-targets=all --disable-werror --with-arch-32=i486 --with-tune=generic --enable-checking=release --build=i486-linux-gnu --host=i486-linux-gnu --target=i486-linux-gnu
Thread model: posix
gcc version 4.4.3 (Ubuntu 4.4.3-4ubuntu5) 
configure:3772: $? = 0
configure:3761: gcc -V >&5
gcc: '-V' option must have argument
configure:3772: $? = 1
configure:3761: gcc -qversion >&5
gcc: unrecognized option '-qversion'
gcc: no input files
configure:3772: $? = 1
configure:3776: checking whether we are using the GNU C compiler
configure:3795: gcc -c   conftest.c >&5
configure:3795: $? = 0
configure:3804: result: yes
configure:3813: checking whether gcc accepts -g
configure:3833: gcc -c -g  conftest.c >&5
configure:3833: $? = 0
configure:3874: result: yes
configure:3891: checking for gcc option to accept ISO C89
configure:3955: gcc  -c -g -O2  conftest.c >&5
configure:3955: $? = 0
configure:3968: result: none needed
configure:3990: checking dependency style of gcc
configure:4100: result: gcc3
configure:4158: checking for ranlib
configure:4174: found /usr/bin/ranlib
configure:4185: result: ranlib
configure:4207: checking whether ln -s works
configure:4211: result: yes
configure:4270: checking for boostlib >= 1.32.0
configure:4330: g++ -c -g -O2  -I/usr/include conftest.cpp >&5
configure:4330: $? = 0
configure:4332: result: yes
configure:4506: checking for cos in -lm
configure:4531: g++ -o conftest -g -O2  -I/usr/include  -L/usr/lib conftest.cpp -lm   >&5
configure:4531: $? = 0
configure:4540: result: yes
configure:4548: checking for deflate in -lz
configure:4573: g++ -o conftest -g -O2  -I/usr/include  -L/usr/lib conftest.cpp -lz  -lm  >&5
configure:4573: $? = 0
configure:4582: result: yes
configure:4594: checking for main in -lrcsc_geom
configure:4613: g++ -o conftest -g -O2  -I/usr/include  -L/usr/lib conftest.cpp -lrcsc_geom  -lz -lm  >&5
configure:4613: $? = 0
configure:4622: result: yes
configure:4630: checking for main in -lrcsc_rcg
configure:4649: g++ -o conftest -g -O2  -I/usr/include  -L/usr/lib conftest.cpp -lrcsc_rcg  -lrcsc_geom -lz -lm  >&5
configure:4649: $? = 0
configure:4658: result: yes
configure:4667: checking for main in -lrcsc_gz
configure:4686: g++ -o conftest -g -O2  -I/usr/include  -L/usr/lib conftest.cpp -lrcsc_gz  -lrcsc_rcg -lrcsc_geom -lz -lm  >&5
configure:4686: $? = 0
configure:4695: result: yes
configure:4706: checking for main in -lrcsc_param
configure:4725: g++ -o conftest -g -O2  -I/usr/include  -L/usr/lib conftest.cpp -lrcsc_param  -lrcsc_gz -lrcsc_rcg -lrcsc_geom -lz -lm  >&5
configure:4725: $? = 0
configure:4734: result: yes
configure:4742: checking for main in -lrcsc_time
configure:4761: g++ -o conftest -g -O2  -I/usr/include  -L/usr/lib conftest.cpp -lrcsc_time  -lrcsc_param -lrcsc_gz -lrcsc_rcg -lrcsc_geom -lz -lm  >&5
configure:4761: $? = 0
configure:4770: result: yes
configure:4778: checking for main in -lrcsc_net
configure:4797: g++ -o conftest -g -O2  -I/usr/include  -L/usr/lib conftest.cpp -lrcsc_net  -lrcsc_time -lrcsc_param -lrcsc_gz -lrcsc_rcg -lrcsc_geom -lz -lm  >&5
configure:4797: $? = 0
configure:4806: result: yes
configure:4814: checking for main in -lrcsc_ann
configure:4833: g++ -o conftest -g -O2  -I/usr/include  -L/usr/lib conftest.cpp -lrcsc_ann  -lrcsc_net -lrcsc_time -lrcsc_param -lrcsc_gz -lrcsc_rcg -lrcsc_geom -lz -lm  >&5
configure:4833: $? = 0
configure:4842: result: yes
configure:4850: checking for main in -lrcsc_agent
configure:4869: g++ -o conftest -g -O2  -I/usr/include  -L/usr/lib conftest.cpp -lrcsc_agent  -lrcsc_ann -lrcsc_net -lrcsc_time -lrcsc_param -lrcsc_gz -lrcsc_rcg -lrcsc_geom -lz -lm  >&5
configure:4869: $? = 0
configure:4878: result: yes
configure:4894: checking how to run the C++ preprocessor
configure:4921: g++ -E  -I/usr/include conftest.cpp
configure:4921: $? = 0
configure:4935: g++ -E  -I/usr/include conftest.cpp
conftest.cpp:14:28: error: ac_nonexistent.h: No such file or directory
configure:4935: $? = 1
configure: failed program was:
| /* confdefs.h */
| #define PACKAGE_NAME "agent2d"
| #define PACKAGE_TARNAME "agent2d"
| #define PACKAGE_VERSION "3.0.0"
| #define PACKAGE_STRING "agent2d 3.0.0"
| #define PACKAGE_BUGREPORT "akky@users.sourceforge.jp"
| #define PACKAGE_URL ""
| #define PACKAGE "agent2d"
| #define VERSION "3.0.0"
| #define HAVE_BOOST /**/
| #define HAVE_LIBZ 1
| #define HAVE_LIBRCSC_GZ 1
| /* end confdefs.h.  */
| #include <ac_nonexistent.h>
configure:4960: result: g++ -E
configure:4980: g++ -E  -I/usr/include conftest.cpp
configure:4980: $? = 0
configure:4994: g++ -E  -I/usr/include conftest.cpp
conftest.cpp:14:28: error: ac_nonexistent.h: No such file or directory
configure:4994: $? = 1
configure: failed program was:
| /* confdefs.h */
| #define PACKAGE_NAME "agent2d"
| #define PACKAGE_TARNAME "agent2d"
| #define PACKAGE_VERSION "3.0.0"
| #define PACKAGE_STRING "agent2d 3.0.0"
| #define PACKAGE_BUGREPORT "akky@users.sourceforge.jp"
| #define PACKAGE_URL ""
| #define PACKAGE "agent2d"
| #define VERSION "3.0.0"
| #define HAVE_BOOST /**/
| #define HAVE_LIBZ 1
| #define HAVE_LIBRCSC_GZ 1
| /* end confdefs.h.  */
| #include <ac_nonexistent.h>
configure:5023: checking for grep that handles long lines and -e
configure:5081: result: /bin/grep
configure:5086: checking for egrep
configure:5148: result: /bin/grep -E
configure:5153: checking for ANSI C header files
configure:5173: g++ -c -g -O2  -I/usr/include conftest.cpp >&5
configure:5173: $? = 0
configure:5246: g++ -o conftest -g -O2  -I/usr/include  -L/usr/lib conftest.cpp -lrcsc_agent -lrcsc_ann -lrcsc_net -lrcsc_time -lrcsc_param -lrcsc_gz -lrcsc_rcg -lrcsc_geom -lz -lm  >&5
configure:5246: $? = 0
configure:5246: ./conftest
configure:5246: $? = 0
configure:5257: result: yes
configure:5270: checking for sys/types.h
configure:5270: g++ -c -g -O2  -I/usr/include conftest.cpp >&5
configure:5270: $? = 0
configure:5270: result: yes
configure:5270: checking for sys/stat.h
configure:5270: g++ -c -g -O2  -I/usr/include conftest.cpp >&5
configure:5270: $? = 0
configure:5270: result: yes
configure:5270: checking for stdlib.h
configure:5270: g++ -c -g -O2  -I/usr/include conftest.cpp >&5
configure:5270: $? = 0
configure:5270: result: yes
configure:5270: checking for string.h
configure:5270: g++ -c -g -O2  -I/usr/include conftest.cpp >&5
configure:5270: $? = 0
configure:5270: result: yes
configure:5270: checking for memory.h
configure:5270: g++ -c -g -O2  -I/usr/include conftest.cpp >&5
configure:5270: $? = 0
configure:5270: result: yes
configure:5270: checking for strings.h
configure:5270: g++ -c -g -O2  -I/usr/include conftest.cpp >&5
configure:5270: $? = 0
configure:5270: result: yes
configure:5270: checking for inttypes.h
configure:5270: g++ -c -g -O2  -I/usr/include conftest.cpp >&5
configure:5270: $? = 0
configure:5270: result: yes
configure:5270: checking for stdint.h
configure:5270: g++ -c -g -O2  -I/usr/include conftest.cpp >&5
configure:5270: $? = 0
configure:5270: result: yes
configure:5270: checking for unistd.h
configure:5270: g++ -c -g -O2  -I/usr/include conftest.cpp >&5
configure:5270: $? = 0
configure:5270: result: yes
configure:5285: checking rcsc/types.h usability
configure:5285: g++ -c -g -O2  -I/usr/include conftest.cpp >&5
configure:5285: $? = 0
configure:5285: result: yes
configure:5285: checking rcsc/types.h presence
configure:5285: g++ -E  -I/usr/include conftest.cpp
configure:5285: $? = 0
configure:5285: result: yes
configure:5285: checking for rcsc/types.h
configure:5285: result: yes
configure:5298: checking for stdbool.h that conforms to C99
configure:5383: g++ -c -g -O2  -I/usr/include conftest.cpp >&5
configure:5383: $? = 0
configure:5390: result: yes
configure:5392: checking for _Bool
configure:5392: g++ -c -g -O2  -I/usr/include conftest.cpp >&5
conftest.cpp: In function 'int main()':
conftest.cpp:61: error: '_Bool' was not declared in this scope
configure:5392: $? = 1
configure: failed program was:
| /* confdefs.h */
| #define PACKAGE_NAME "agent2d"
| #define PACKAGE_TARNAME "agent2d"
| #define PACKAGE_VERSION "3.0.0"
| #define PACKAGE_STRING "agent2d 3.0.0"
| #define PACKAGE_BUGREPORT "akky@users.sourceforge.jp"
| #define PACKAGE_URL ""
| #define PACKAGE "agent2d"
| #define VERSION "3.0.0"
| #define HAVE_BOOST /**/
| #define HAVE_LIBZ 1
| #define HAVE_LIBRCSC_GZ 1
| #define STDC_HEADERS 1
| #define HAVE_SYS_TYPES_H 1
| #define HAVE_SYS_STAT_H 1
| #define HAVE_STDLIB_H 1
| #define HAVE_STRING_H 1
| #define HAVE_MEMORY_H 1
| #define HAVE_STRINGS_H 1
| #define HAVE_INTTYPES_H 1
| #define HAVE_STDINT_H 1
| #define HAVE_UNISTD_H 1
| #define HAVE_RCSC_TYPES_H 1
| /* end confdefs.h.  */
| #include <stdio.h>
| #ifdef HAVE_SYS_TYPES_H
| # include <sys/types.h>
| #endif
| #ifdef HAVE_SYS_STAT_H
| # include <sys/stat.h>
| #endif
| #ifdef STDC_HEADERS
| # include <stdlib.h>
| # include <stddef.h>
| #else
| # ifdef HAVE_STDLIB_H
| #  include <stdlib.h>
| # endif
| #endif
| #ifdef HAVE_STRING_H
| # if !defined STDC_HEADERS && defined HAVE_MEMORY_H
| #  include <memory.h>
| # endif
| # include <string.h>
| #endif
| #ifdef HAVE_STRINGS_H
| # include <strings.h>
| #endif
| #ifdef HAVE_INTTYPES_H
| # include <inttypes.h>
| #endif
| #ifdef HAVE_STDINT_H
| # include <stdint.h>
| #endif
| #ifdef HAVE_UNISTD_H
| # include <unistd.h>
| #endif
| int
| main ()
| {
| if (sizeof (_Bool))
| 	 return 0;
|   ;
|   return 0;
| }
configure:5392: result: no
configure:5408: checking for an ANSI C-conforming const
configure:5473: g++ -c -g -O2  -I/usr/include conftest.cpp >&5
configure:5473: $? = 0
configure:5480: result: yes
configure:5488: checking for inline
configure:5504: g++ -c -g -O2  -I/usr/include conftest.cpp >&5
configure:5504: $? = 0
configure:5512: result: inline
configure:5530: checking for size_t
configure:5530: g++ -c -g -O2  -I/usr/include conftest.cpp >&5
configure:5530: $? = 0
configure:5530: g++ -c -g -O2  -I/usr/include conftest.cpp >&5
conftest.cpp: In function 'int main()':
conftest.cpp:62: error: expected primary-expression before ')' token
configure:5530: $? = 1
configure: failed program was:
| /* confdefs.h */
| #define PACKAGE_NAME "agent2d"
| #define PACKAGE_TARNAME "agent2d"
| #define PACKAGE_VERSION "3.0.0"
| #define PACKAGE_STRING "agent2d 3.0.0"
| #define PACKAGE_BUGREPORT "akky@users.sourceforge.jp"
| #define PACKAGE_URL ""
| #define PACKAGE "agent2d"
| #define VERSION "3.0.0"
| #define HAVE_BOOST /**/
| #define HAVE_LIBZ 1
| #define HAVE_LIBRCSC_GZ 1
| #define STDC_HEADERS 1
| #define HAVE_SYS_TYPES_H 1
| #define HAVE_SYS_STAT_H 1
| #define HAVE_STDLIB_H 1
| #define HAVE_STRING_H 1
| #define HAVE_MEMORY_H 1
| #define HAVE_STRINGS_H 1
| #define HAVE_INTTYPES_H 1
| #define HAVE_STDINT_H 1
| #define HAVE_UNISTD_H 1
| #define HAVE_RCSC_TYPES_H 1
| #define HAVE_STDBOOL_H 1
| /* end confdefs.h.  */
| #include <stdio.h>
| #ifdef HAVE_SYS_TYPES_H
| # include <sys/types.h>
| #endif
| #ifdef HAVE_SYS_STAT_H
| # include <sys/stat.h>
| #endif
| #ifdef STDC_HEADERS
| # include <stdlib.h>
| # include <stddef.h>
| #else
| # ifdef HAVE_STDLIB_H
| #  include <stdlib.h>
| # endif
| #endif
| #ifdef HAVE_STRING_H
| # if !defined STDC_HEADERS && defined HAVE_MEMORY_H
| #  include <memory.h>
| # endif
| # include <string.h>
| #endif
| #ifdef HAVE_STRINGS_H
| # include <strings.h>
| #endif
| #ifdef HAVE_INTTYPES_H
| # include <inttypes.h>
| #endif
| #ifdef HAVE_STDINT_H
| # include <stdint.h>
| #endif
| #ifdef HAVE_UNISTD_H
| # include <unistd.h>
| #endif
| int
| main ()
| {
| if (sizeof ((size_t)))
| 	    return 0;
|   ;
|   return 0;
| }
configure:5530: result: yes
configure:5541: checking whether time.h and sys/time.h may both be included
configure:5561: g++ -c -g -O2  -I/usr/include conftest.cpp >&5
configure:5561: $? = 0
configure:5568: result: yes
configure:5593: checking for ANSI C header files
configure:5697: result: yes
configure:5708: checking for floor
configure:5708: g++ -o conftest -g -O2  -I/usr/include  -L/usr/lib conftest.cpp -lrcsc_agent -lrcsc_ann -lrcsc_net -lrcsc_time -lrcsc_param -lrcsc_gz -lrcsc_rcg -lrcsc_geom -lz -lm  >&5
configure:5708: $? = 0
configure:5708: result: yes
configure:5708: checking for pow
configure:5708: g++ -o conftest -g -O2  -I/usr/include  -L/usr/lib conftest.cpp -lrcsc_agent -lrcsc_ann -lrcsc_net -lrcsc_time -lrcsc_param -lrcsc_gz -lrcsc_rcg -lrcsc_geom -lz -lm  >&5
configure:5708: $? = 0
configure:5708: result: yes
configure:5708: checking for sqrt
configure:5708: g++ -o conftest -g -O2  -I/usr/include  -L/usr/lib conftest.cpp -lrcsc_agent -lrcsc_ann -lrcsc_net -lrcsc_time -lrcsc_param -lrcsc_gz -lrcsc_rcg -lrcsc_geom -lz -lm  >&5
configure:5708: $? = 0
configure:5708: result: yes
configure:5708: checking for strerror
configure:5708: g++ -o conftest -g -O2  -I/usr/include  -L/usr/lib conftest.cpp -lrcsc_agent -lrcsc_ann -lrcsc_net -lrcsc_time -lrcsc_param -lrcsc_gz -lrcsc_rcg -lrcsc_geom -lz -lm  >&5
configure:5708: $? = 0
configure:5708: result: yes
configure:5843: creating ./config.status

## ---------------------- ##
## Running config.status. ##
## ---------------------- ##

This file was extended by agent2d config.status 3.0.0, which was
generated by GNU Autoconf 2.65.  Invocation command line was

  CONFIG_FILES    = 
  CONFIG_HEADERS  = 
  CONFIG_LINKS    = 
  CONFIG_COMMANDS = 
  $ ./config.status 

on saman-laptop

config.status:876: creating Makefile
config.status:876: creating src/Makefile
config.status:876: creating src/start.sh
config.status:876: creating src/keepaway.sh
config.status:876: creating src/train.sh
config.status:876: creating config.h
config.status:1048: config.h is unchanged
config.status:1096: executing depfiles commands

## ---------------- ##
## Cache variables. ##
## ---------------- ##

ac_cv_c_compiler_gnu=yes
ac_cv_c_const=yes
ac_cv_c_inline=inline
ac_cv_cxx_compiler_gnu=yes
ac_cv_env_CCC_set=
ac_cv_env_CCC_value=
ac_cv_env_CC_set=
ac_cv_env_CC_value=
ac_cv_env_CFLAGS_set=
ac_cv_env_CFLAGS_value=
ac_cv_env_CPPFLAGS_set=
ac_cv_env_CPPFLAGS_value=
ac_cv_env_CXXCPP_set=
ac_cv_env_CXXCPP_value=
ac_cv_env_CXXFLAGS_set=
ac_cv_env_CXXFLAGS_value=
ac_cv_env_CXX_set=
ac_cv_env_CXX_value=
ac_cv_env_LDFLAGS_set=
ac_cv_env_LDFLAGS_value=
ac_cv_env_LIBS_set=
ac_cv_env_LIBS_value=
ac_cv_env_build_alias_set=
ac_cv_env_build_alias_value=
ac_cv_env_host_alias_set=
ac_cv_env_host_alias_value=
ac_cv_env_target_alias_set=
ac_cv_env_target_alias_value=
ac_cv_func_floor=yes
ac_cv_func_pow=yes
ac_cv_func_sqrt=yes
ac_cv_func_strerror=yes
ac_cv_header_inttypes_h=yes
ac_cv_header_memory_h=yes
ac_cv_header_rcsc_types_h=yes
ac_cv_header_stdbool_h=yes
ac_cv_header_stdc=yes
ac_cv_header_stdint_h=yes
ac_cv_header_stdlib_h=yes
ac_cv_header_string_h=yes
ac_cv_header_strings_h=yes
ac_cv_header_sys_stat_h=yes
ac_cv_header_sys_types_h=yes
ac_cv_header_time=yes
ac_cv_header_unistd_h=yes
ac_cv_lib_m_cos=yes
ac_cv_lib_rcsc_agent_main=yes
ac_cv_lib_rcsc_ann_main=yes
ac_cv_lib_rcsc_geom_main=yes
ac_cv_lib_rcsc_gz_main=yes
ac_cv_lib_rcsc_net_main=yes
ac_cv_lib_rcsc_param_main=yes
ac_cv_lib_rcsc_rcg_main=yes
ac_cv_lib_rcsc_time_main=yes
ac_cv_lib_z_deflate=yes
ac_cv_objext=o
ac_cv_path_EGREP='/bin/grep -E'
ac_cv_path_GREP=/bin/grep
ac_cv_path_install='/usr/bin/install -c'
ac_cv_path_mkdir=/bin/mkdir
ac_cv_prog_AWK=gawk
ac_cv_prog_CXXCPP='g++ -E'
ac_cv_prog_ac_ct_CC=gcc
ac_cv_prog_ac_ct_CXX=g++
ac_cv_prog_ac_ct_RANLIB=ranlib
ac_cv_prog_cc_c89=
ac_cv_prog_cc_g=yes
ac_cv_prog_cxx_g=yes
ac_cv_prog_make_make_set=yes
ac_cv_type__Bool=no
ac_cv_type_size_t=yes
am_cv_CC_dependencies_compiler_type=gcc3
am_cv_CXX_dependencies_compiler_type=gcc3

## ----------------- ##
## Output variables. ##
## ----------------- ##

ACLOCAL='${SHELL} /home/saman/Desktop/TwinTeam.7.19/config/missing --run aclocal-1.11'
AMDEPBACKSLASH='\'
AMDEP_FALSE='#'
AMDEP_TRUE=''
AMTAR='${SHELL} /home/saman/Desktop/TwinTeam.7.19/config/missing --run tar'
AUTOCONF='${SHELL} /home/saman/Desktop/TwinTeam.7.19/config/missing --run autoconf'
AUTOHEADER='${SHELL} /home/saman/Desktop/TwinTeam.7.19/config/missing --run autoheader'
AUTOMAKE='${SHELL} /home/saman/Desktop/TwinTeam.7.19/config/missing --run automake-1.11'
AWK='gawk'
BOOST_CPPFLAGS='-I/usr/include'
BOOST_LDFLAGS='-L/usr/lib'
CC='gcc'
CCDEPMODE='depmode=gcc3'
CFLAGS='-g -O2'
CPPFLAGS=' -I/usr/include'
CXX='g++'
CXXCPP='g++ -E'
CXXDEPMODE='depmode=gcc3'
CXXFLAGS='-g -O2'
CYGPATH_W='echo'
DEFS='-DHAVE_CONFIG_H'
DEPDIR='.deps'
ECHO_C=''
ECHO_N='-n'
ECHO_T=''
EGREP='/bin/grep -E'
EXEEXT=''
GREP='/bin/grep'
INSTALL_DATA='${INSTALL} -m 644'
INSTALL_PROGRAM='${INSTALL}'
INSTALL_SCRIPT='${INSTALL}'
INSTALL_STRIP_PROGRAM='$(install_sh) -c -s'
LDFLAGS=' -L/usr/lib'
LIBOBJS=''
LIBRCSCLIB='/usr/local/lib'
LIBS='-lrcsc_agent -lrcsc_ann -lrcsc_net -lrcsc_time -lrcsc_param -lrcsc_gz -lrcsc_rcg -lrcsc_geom -lz -lm '
LN_S='ln -s'
LTLIBOBJS=''
MAKEINFO='${SHELL} /home/saman/Desktop/TwinTeam.7.19/config/missing --run makeinfo'
MKDIR_P='/bin/mkdir -p'
OBJEXT='o'
PACKAGE='agent2d'
PACKAGE_BUGREPORT='akky@users.sourceforge.jp'
PACKAGE_NAME='agent2d'
PACKAGE_STRING='agent2d 3.0.0'
PACKAGE_TARNAME='agent2d'
PACKAGE_URL=''
PACKAGE_VERSION='3.0.0'
PATH_SEPARATOR=':'
RANLIB='ranlib'
SET_MAKE=''
SHELL='/bin/bash'
STRIP=''
VERSION='3.0.0'
ac_ct_CC='gcc'
ac_ct_CXX='g++'
am__EXEEXT_FALSE=''
am__EXEEXT_TRUE='#'
am__fastdepCC_FALSE='#'
am__fastdepCC_TRUE=''
am__fastdepCXX_FALSE='#'
am__fastdepCXX_TRUE=''
am__include='include'
am__isrc=''
am__leading_dot='.'
am__quote=''
am__tar='${AMTAR} chof - "$$tardir"'
am__untar='${AMTAR} xf -'
bindir='${exec_prefix}/bin'
build_alias=''
datadir='${datarootdir}'
datarootdir='${prefix}/share'
docdir='${datarootdir}/doc/${PACKAGE_TARNAME}'
dvidir='${docdir}'
exec_prefix='${prefix}'
host_alias=''
htmldir='${docdir}'
includedir='${prefix}/include'
infodir='${datarootdir}/info'
install_sh='${SHELL} /home/saman/Desktop/TwinTeam.7.19/config/install-sh'
libdir='${exec_prefix}/lib'
libexecdir='${exec_prefix}/libexec'
localedir='${datarootdir}/locale'
localstatedir='${prefix}/var'
mandir='${datarootdir}/man'
mkdir_p='/bin/mkdir -p'
oldincludedir='/usr/include'
pdfdir='${docdir}'
prefix='/usr/local'
program_transform_name='s,x,x,'
psdir='${docdir}'
sbindir='${exec_prefix}/sbin'
sharedstatedir='${prefix}/com'
sysconfdir='${prefix}/etc'
target_alias=''

## ----------- ##
## confdefs.h. ##
## ----------- ##

/* confdefs.h */
#define PACKAGE_NAME "agent2d"
#define PACKAGE_TARNAME "agent2d"
#define PACKAGE_VERSION "3.0.0"
#define PACKAGE_STRING "agent2d 3.0.0"
#define PACKAGE_BUGREPORT "akky@users.sourceforge.jp"
#define PACKAGE_URL ""
#define PACKAGE "agent2d"
#define VERSION "3.0.0"
#define HAVE_BOOST /**/
#define HAVE_LIBZ 1
#define HAVE_LIBRCSC_GZ 1
#define STDC_HEADERS 1
#define HAVE_SYS_TYPES_H 1
#define HAVE_SYS_STAT_H 1
#define HAVE_STDLIB_H 1
#define HAVE_STRING_H 1
#define HAVE_MEMORY_H 1
#define HAVE_STRINGS_H 1
#define HAVE_INTTYPES_H 1
#define HAVE_STDINT_H 1
#define HAVE_UNISTD_H 1
#define HAVE_RCSC_TYPES_H 1
#define HAVE_STDBOOL_H 1
#define TIME_WITH_SYS_TIME 1
#define STDC_HEADERS 1
#define HAVE_FLOOR 1
#define HAVE_POW 1
#define HAVE_SQRT 1
#define HAVE_STRERROR 1

configure: exit 0
